00:00:00:000
0,0,0;0
0,1,0;0
0,2,0;0
0,3,0;0
0,4,0;0
0,5,0;0
0,6,0;0
0,7,0;0
0,8,0;0
0,9,0;0
1,0,0;0
1,1,0;0
1,2,0;0
1,3,0;0
1,4,0;0
1,5,0;0
1,6,0;0
1,7,0;0
1,8,0;0
1,9,0;0
2,0,0;0
2,1,0;0
2,2,0;0
2,3,0;0
2,4,0;0
2,5,0;0
2,6,0;0
2,7,0;0
2,8,0;0
2,9,0;0
3,0,0;0
3,1,0;0
3,2,0;0
3,3,0;0
3,4,0;0
3,5,0;0
3,6,0;0
3,7,0;0
3,8,0;0
3,9,0;0
4,0,0;0
4,1,0;0
4,2,0;0
4,3,0;0
4,4,0;0
4,5,0;0
4,6,0;0
4,7,0;0
4,8,0;0
4,9,0;0
5,0,0;0
5,1,0;0
5,2,0;0
5,3,0;0
5,4,0;0
5,5,0;0
5,6,0;0
5,7,0;0
5,8,0;0
5,9,0;0
6,0,0;0
6,1,0;0
6,2,0;0
6,3,0;0
6,4,0;0
6,5,0;0
6,6,0;0
6,7,0;0
6,8,0;0
6,9,0;0
7,0,0;0
7,1,0;0
7,2,0;0
7,3,0;0
7,4,0;0
7,5,0;0
7,6,0;0
7,7,0;0
7,8,0;0
7,9,0;0
8,0,0;0
8,1,0;0
8,2,0;0
8,3,0;0
8,4,0;0
8,5,0;0
8,6,0;0
8,7,0;0
8,8,0;0
8,9,0;0
9,0,0;0
9,1,0;0
9,2,0;0
9,3,0;0
9,4,0;0
9,5,0;0
9,6,0;0
9,7,0;0
9,8,0;0
9,9,0;0
00:00:00:002
5,5,0;1.00000
00:00:00:082
00:00:00:084
5,5,0;2.00000
00:00:01:274
00:00:01:276
5,5,0;3.00000
00:00:01:628
00:00:01:630
5,5,0;4.00000
00:00:01:683
00:00:01:685
5,5,0;5.00000
00:00:01:730
5,6,0;1.00000
5,4,0;1.00000
4,5,0;1.00000
6,5,0;1.00000
00:00:01:785
5,5,0;1.00000
00:00:01:885
5,6,0;1.00000
5,4,0;1.00000
4,5,0;1.00000
6,5,0;1.00000
00:00:08:724
00:00:08:726
5,5,0;2.00000
00:00:10:657
00:00:10:659
5,5,0;3.00000
00:00:12:120
00:00:12:122
5,5,0;4.00000
00:00:12:222
4,5,0;2.00000
5,4,0;2.00000
5,5,0;0.00000
5,6,0;2.00000
6,5,0;2.00000
00:00:15:903
00:00:15:905
5,5,0;1.00000
00:00:16:234
00:00:16:236
5,5,0;2.00000
00:00:17:199
00:00:17:201
5,5,0;3.00000
00:00:18:745
00:00:18:747
5,5,0;4.00000
00:00:18:847
4,5,0;3.00000
5,4,0;3.00000
5,5,0;0.00000
5,6,0;3.00000
6,5,0;3.00000
00:00:19:115
00:00:19:117
5,5,0;1.00000
00:00:20:089
00:00:20:091
5,5,0;2.00000
00:00:24:063
00:00:24:065
5,5,0;3.00000
00:00:25:517
00:00:25:519
5,5,0;4.00000
00:00:25:619
4,5,0;4.00000
5,4,0;4.00000
5,5,0;0.00000
5,6,0;4.00000
6,5,0;4.00000
00:00:25:663
00:00:25:665
5,5,0;5.00000
00:00:25:719
3,5,0;1.00000
4,4,0;2.00000
4,6,0;2.00000
5,3,0;1.00000
6,4,0;2.00000
5,7,0;1.00000
6,6,0;2.00000
7,5,0;1.00000
00:00:25:765
5,6,0;1.00000
5,4,0;1.00000
4,5,0;1.00000
6,5,0;1.00000
00:00:25:865
6,6,0;2.00000
6,5,0;2.00000
6,4,0;2.00000
5,7,0;1.00000
5,6,0;2.00000
5,5,0;1.00000
5,4,0;2.00000
5,3,0;1.00000
4,6,0;2.00000
4,5,0;2.00000
4,4,0;2.00000
3,5,0;1.00000
7,5,0;1.00000
00:00:27:692
00:00:27:694
5,5,0;2.00000
00:00:33:429
00:00:33:431
5,5,0;3.00000
00:00:37:892
00:00:37:894
5,5,0;4.00000
00:00:37:994
4,5,0;3.00000
5,4,0;3.00000
5,5,0;0.00000
5,6,0;3.00000
6,5,0;3.00000
00:00:38:674
00:00:38:676
5,5,0;1.00000
00:00:38:761
00:00:38:763
5,5,0;2.00000
00:00:39:702
00:00:39:704
5,5,0;3.00000
00:00:42:120
00:00:42:122
5,5,0;4.00000
00:00:42:222
4,5,0;4.00000
5,4,0;4.00000
5,5,0;0.00000
5,6,0;4.00000
6,5,0;4.00000
00:00:42:322
3,5,0;2.00000
4,4,0;4.00000
4,5,0;0.00000
4,6,0;4.00000
5,5,0;4.00000
5,3,0;2.00000
5,4,0;0.00000
6,4,0;4.00000
5,6,0;0.00000
6,5,0;0.00000
5,7,0;2.00000
6,6,0;4.00000
7,5,0;2.00000
00:00:42:422
3,4,0;1.00000
3,6,0;1.00000
4,5,0;3.00000
4,3,0;1.00000
4,4,0;0.00000
5,4,0;3.00000
4,6,0;0.00000
5,5,0;0.00000
4,7,0;1.00000
5,6,0;3.00000
6,5,0;3.00000
6,3,0;1.00000
6,4,0;0.00000
7,4,0;1.00000
6,6,0;0.00000
6,7,0;1.00000
7,6,0;1.00000
00:00:45:428
00:00:45:430
5,5,0;1.00000
00:00:46:175
00:00:46:177
5,5,0;2.00000
00:00:47:403
00:00:47:405
5,5,0;3.00000
00:00:49:485
00:00:49:487
5,5,0;4.00000
00:00:49:587
4,5,0;4.00000
5,4,0;4.00000
5,5,0;0.00000
5,6,0;4.00000
6,5,0;4.00000
00:00:49:687
3,5,0;3.00000
4,4,0;2.00000
4,5,0;0.00000
4,6,0;2.00000
5,5,0;4.00000
5,3,0;3.00000
5,4,0;0.00000
6,4,0;2.00000
5,6,0;0.00000
6,5,0;0.00000
5,7,0;3.00000
6,6,0;2.00000
7,5,0;3.00000
00:00:49:787
4,5,0;1.00000
5,4,0;1.00000
5,5,0;0.00000
5,6,0;1.00000
6,5,0;1.00000
00:00:50:344
00:00:50:346
5,5,0;1.00000
00:00:53:125
00:00:53:127
5,5,0;2.00000
00:00:55:747
00:00:55:749
5,5,0;3.00000
00:00:56:629
00:00:56:631
5,5,0;4.00000
00:00:56:731
4,5,0;2.00000
5,4,0;2.00000
5,5,0;0.00000
5,6,0;2.00000
6,5,0;2.00000
00:00:59:668
00:00:59:670
5,5,0;1.00000
00:01:00:256
00:01:00:258
5,5,0;2.00000
00:01:03:669
00:01:03:671
5,5,0;3.00000
00:01:03:731
00:01:03:733
5,5,0;4.00000
00:01:03:833
4,5,0;3.00000
5,4,0;3.00000
5,5,0;0.00000
5,6,0;3.00000
6,5,0;3.00000
00:01:06:181
00:01:06:183
5,5,0;1.00000
00:01:08:943
00:01:08:945
5,5,0;2.00000
00:01:12:149
00:01:12:151
5,5,0;3.00000
00:01:12:789
00:01:12:791
5,5,0;4.00000
00:01:12:818
00:01:12:820
5,5,0;5.00000
00:01:12:891
5,6,0;4.00000
5,4,0;4.00000
4,5,0;4.00000
6,5,0;4.00000
00:01:12:991
4,6,0;4.00000
5,5,0;5.00000
5,6,0;1.00000
5,7,0;4.00000
6,6,0;4.00000
4,5,0;1.00000
4,4,0;4.00000
5,3,0;4.00000
5,4,0;1.00000
6,4,0;4.00000
3,5,0;4.00000
6,5,0;1.00000
7,5,0;4.00000
00:01:13:091
3,6,0;3.00000
4,5,0;5.00000
4,6,0;0.00000
4,7,0;3.00000
5,6,0;5.00000
5,4,0;5.00000
5,5,0;1.00000
6,5,0;5.00000
5,7,0;0.00000
6,6,0;0.00000
5,8,0;1.00000
6,7,0;3.00000
7,6,0;3.00000
3,5,0;0.00000
4,4,0;0.00000
3,4,0;3.00000
4,3,0;3.00000
5,2,0;1.00000
5,3,0;0.00000
6,3,0;3.00000
6,4,0;0.00000
7,4,0;3.00000
2,5,0;1.00000
7,5,0;0.00000
8,5,0;1.00000
00:01:13:191
3,5,0;1.00000
4,6,0;2.00000
4,4,0;2.00000
4,5,0;1.00000
5,5,0;5.00000
5,6,0;1.00000
5,7,0;1.00000
6,6,0;2.00000
5,3,0;1.00000
5,4,0;1.00000
6,4,0;2.00000
6,5,0;1.00000
7,5,0;1.00000
00:01:13:291
4,5,0;2.00000
5,6,0;2.00000
5,4,0;2.00000
5,5,0;1.00000
6,5,0;2.00000
00:01:17:548
00:01:17:550
5,5,0;2.00000
00:01:18:768
00:01:18:770
5,5,0;3.00000
00:01:19:082
00:01:19:084
5,5,0;4.00000
00:01:19:184
4,5,0;3.00000
5,4,0;3.00000
5,5,0;0.00000
5,6,0;3.00000
6,5,0;3.00000
00:01:19:448
00:01:19:450
5,5,0;1.00000
00:01:20:162
00:01:20:164
5,5,0;2.00000
00:01:26:859
00:01:26:861
5,5,0;3.00000
00:01:27:819
00:01:27:821
5,5,0;4.00000
00:01:27:921
4,5,0;4.00000
5,4,0;4.00000
5,5,0;0.00000
5,6,0;4.00000
6,5,0;4.00000
00:01:28:015
00:01:28:017
5,5,0;5.00000
00:01:28:021
3,5,0;2.00000
4,4,0;4.00000
4,6,0;4.00000
5,3,0;2.00000
6,4,0;4.00000
5,7,0;2.00000
6,6,0;4.00000
7,5,0;2.00000
00:01:28:121
6,4,0;2.00000
6,3,0;4.00000
5,7,0;3.00000
5,6,0;3.00000
5,4,0;3.00000
5,3,0;3.00000
4,7,0;4.00000
4,6,0;2.00000
4,5,0;3.00000
4,4,0;2.00000
4,3,0;4.00000
3,6,0;4.00000
3,5,0;3.00000
3,4,0;4.00000
6,5,0;3.00000
7,4,0;4.00000
6,7,0;4.00000
6,6,0;2.00000
7,6,0;4.00000
7,5,0;3.00000
00:01:28:221
5,4,0;4.00000
6,3,0;0.00000
6,4,0;4.00000
6,5,0;4.00000
7,4,0;0.00000
5,3,0;5.00000
6,2,0;1.00000
7,3,0;2.00000
4,8,0;1.00000
4,7,0;0.00000
5,6,0;4.00000
5,7,0;5.00000
6,7,0;0.00000
4,6,0;4.00000
5,5,0;1.00000
6,6,0;4.00000
4,5,0;4.00000
4,4,0;4.00000
4,3,0;0.00000
4,2,0;1.00000
3,7,0;2.00000
3,6,0;0.00000
3,5,0;5.00000
3,4,0;0.00000
3,3,0;2.00000
2,6,0;1.00000
2,4,0;1.00000
7,5,0;5.00000
8,4,0;1.00000
6,8,0;1.00000
7,7,0;2.00000
7,6,0;0.00000
8,6,0;1.00000
00:01:28:321
4,4,0;2.00000
5,3,0;2.00000
5,4,0;3.00000
5,5,0;5.00000
6,4,0;2.00000
6,3,0;2.00000
6,5,0;3.00000
7,4,0;2.00000
6,6,0;2.00000
7,5,0;2.00000
4,3,0;2.00000
5,2,0;2.00000
4,7,0;2.00000
5,8,0;2.00000
4,6,0;2.00000
5,7,0;2.00000
5,6,0;3.00000
6,7,0;2.00000
3,6,0;2.00000
4,5,0;3.00000
7,6,0;2.00000
3,5,0;2.00000
3,4,0;2.00000
2,5,0;2.00000
8,5,0;2.00000
00:01:28:421
4,5,0;4.00000
5,4,0;4.00000
5,5,0;1.00000
5,6,0;4.00000
6,5,0;4.00000
00:01:28:521
3,5,0;3.00000
4,4,0;4.00000
4,5,0;0.00000
4,6,0;4.00000
5,5,0;5.00000
5,3,0;3.00000
5,4,0;0.00000
6,4,0;4.00000
5,6,0;0.00000
6,5,0;0.00000
5,7,0;3.00000
6,6,0;4.00000
7,5,0;3.00000
00:01:28:621
3,4,0;3.00000
3,6,0;3.00000
4,5,0;3.00000
4,3,0;3.00000
4,4,0;0.00000
5,4,0;3.00000
4,6,0;0.00000
5,5,0;1.00000
4,7,0;3.00000
5,6,0;3.00000
6,5,0;3.00000
6,3,0;3.00000
6,4,0;0.00000
7,4,0;3.00000
6,6,0;0.00000
6,7,0;3.00000
7,6,0;3.00000
00:01:30:723
00:01:30:725
5,5,0;2.00000
